<?xml version="1.0" encoding="UTF-8"?>
<!-- Generated by org.testng.reporters.JUnitReportReporter -->
<testsuite skipped="0" hostname="MAVBCP203" name="TestNG.FirstPackage" tests="4" failures="0" timestamp="2020-07-21T00:46:56 GMT+05:30" time="0.015" errors="0">
  <testcase name="firstcase" time="0.006" classname="TestNG.FirstPackage"/>
  <system-out/>
  <testcase name="firstcase" time="0.002" classname="TestNG.FirstPackage"/>
  <system-out/>
  <testcase name="secondcase" time="0.005" classname="TestNG.FirstPackage"/>
  <system-out/>
  <testcase name="secondcase" time="0.002" classname="TestNG.FirstPackage"/>
  <system-out/>
</testsuite> <!-- TestNG.FirstPackage -->
