<?xml version="1.0" encoding="UTF-8"?>
<!-- Generated by org.testng.reporters.JUnitReportReporter -->
<testsuite skipped="0" hostname="MAVBCP203" name="TestNG2.SecondPackage" tests="4" failures="0" timestamp="2020-07-21T00:46:56 GMT+05:30" time="0.017" errors="0">
  <testcase name="secondcase" time="0.003" classname="TestNG2.SecondPackage"/>
  <system-out/>
  <testcase name="firstcase" time="0.003" classname="TestNG2.SecondPackage"/>
  <system-out/>
  <testcase name="firstcase" time="0.007" classname="TestNG2.SecondPackage"/>
  <system-out/>
  <testcase name="secondcase" time="0.004" classname="TestNG2.SecondPackage"/>
  <system-out/>
</testsuite> <!-- TestNG2.SecondPackage -->
