<?xml version="1.0" encoding="UTF-8"?>
<!-- Generated by org.testng.reporters.JUnitReportReporter -->
<testsuite skipped="0" hostname="MAVBCP203" name="TestNG.Basic" tests="2" failures="0" timestamp="2020-07-21T00:08:27 GMT+05:30" time="0.006" errors="0">
  <testcase name="firstcase" time="0.005" classname="TestNG.Basic"/>
  <system-out/>
  <testcase name="secondcase" time="0.001" classname="TestNG.Basic"/>
  <system-out/>
</testsuite> <!-- TestNG.Basic -->
